<?xml version="1.0" encoding="UTF-8"?>
<!-- Generated by org.testng.reporters.JUnitReportReporter -->
<testsuite hostname="users-MacBook-Air.local" failures="0" tests="1" name="framework.AppiumFramework.eCommerce_tc_4_Hybrid" time="37.178" errors="0" timestamp="2025-07-14T09:14:43 WAT" skipped="0">
  <testcase classname="framework.AppiumFramework.eCommerce_tc_4_Hybrid" name="FillForm" time="37.178"/>
</testsuite> <!-- framework.AppiumFramework.eCommerce_tc_4_Hybrid -->
