<?xml version="1.0" encoding="UTF-8"?>
<!-- Generated by org.testng.reporters.JUnitReportReporter -->
<testsuite hostname="Mac" failures="0" tests="1" name="framework.AppiumFramework.eCommerce_tc_4_Hybrid" time="37.073" errors="0" timestamp="2025-07-21T00:40:27 WAT" skipped="0">
  <testcase classname="framework.AppiumFramework.eCommerce_tc_4_Hybrid" name="FillForm" time="37.073"/>
</testsuite> <!-- framework.AppiumFramework.eCommerce_tc_4_Hybrid -->
