<?xml version="1.0" encoding="UTF-8"?>
<!-- Generated by org.testng.reporters.JUnitReportReporter -->
<testsuite hostname="users-MacBook-Air.local" failures="0" tests="1" name="framework.AppiumFramework.eCommerce_tc_4_Hybrid" time="39.778" errors="0" timestamp="2025-07-19T01:55:19 WAT" skipped="0">
  <testcase classname="framework.AppiumFramework.eCommerce_tc_4_Hybrid" name="FillForm" time="39.778"/>
</testsuite> <!-- framework.AppiumFramework.eCommerce_tc_4_Hybrid -->
