<?xml version="1.0" encoding="UTF-8"?>
<!-- Generated by org.testng.reporters.JUnitReportReporter -->
<testsuite hostname="Mac" failures="0" tests="1" name="framework.AppiumFramework.IOSBasics" time="6.013" errors="0" timestamp="2025-07-21T00:40:27 WAT" skipped="0">
  <testcase classname="framework.AppiumFramework.IOSBasics" name="IOSBasicsTest" time="6.013"/>
</testsuite> <!-- framework.AppiumFramework.IOSBasics -->
