<?xml version="1.0" encoding="UTF-8"?>
<!-- Generated by org.testng.reporters.JUnitReportReporter -->
<testsuite hostname="101-3637-L424" failures="0" tests="1" name="framework.AppiumFramework.eCommerce_tc_4_Hybrid" time="45.113" errors="0" timestamp="2025-07-14T13:46:11 WAT" skipped="0">
  <testcase classname="framework.AppiumFramework.eCommerce_tc_4_Hybrid" name="FillForm" time="45.113"/>
</testsuite> <!-- framework.AppiumFramework.eCommerce_tc_4_Hybrid -->
