<?xml version="1.0" encoding="UTF-8"?>
<!-- Generated by org.testng.reporters.JUnitReportReporter -->
<testsuite hostname="101-3637-L424" failures="0" tests="2" name="framework.AppiumFramework.eCommerce_tc_1" time="42.238" errors="0" timestamp="2025-07-11T09:35:14 WAT" skipped="0">
  <testcase classname="framework.AppiumFramework.eCommerce_tc_1" name="FillFormErrorValidation" time="22.228"/>
  <testcase classname="framework.AppiumFramework.eCommerce_tc_1" name="FillFormPositveValidation" time="20.010"/>
</testsuite> <!-- framework.AppiumFramework.eCommerce_tc_1 -->
