<?xml version="1.0" encoding="UTF-8"?>
<!-- Generated by org.testng.reporters.JUnitReportReporter -->
<testsuite hostname="101-3637-L424" failures="0" tests="1" name="framework.AppiumFramework.eCommerce_tc_4_Hybrid" time="51.913" errors="0" timestamp="2025-07-13T15:02:25 WAT" skipped="0">
  <testcase classname="framework.AppiumFramework.eCommerce_tc_4_Hybrid" name="FillForm" time="51.913"/>
</testsuite> <!-- framework.AppiumFramework.eCommerce_tc_4_Hybrid -->
