<?xml version="1.0" encoding="UTF-8"?>
<!-- Generated by org.testng.reporters.JUnitReportReporter -->
<testsuite hostname="Mac" failures="0" tests="1" name="framework.AppiumFramework.eCommerce_tc_4_Hybrid" time="33.440" errors="0" timestamp="2025-07-13T16:09:44 WAT" skipped="0">
  <testcase classname="framework.AppiumFramework.eCommerce_tc_4_Hybrid" name="FillForm" time="33.440"/>
</testsuite> <!-- framework.AppiumFramework.eCommerce_tc_4_Hybrid -->
