<?xml version="1.0" encoding="UTF-8"?>
<!-- Generated by org.testng.reporters.JUnitReportReporter -->
<testsuite hostname="101-3637-L424" failures="0" tests="2" name="framework.AppiumFramework.eCommerce_tc_4_Hybrid" time="127.776" errors="0" timestamp="2025-07-12T22:39:33 WAT" skipped="0">
  <testcase classname="framework.AppiumFramework.eCommerce_tc_4_Hybrid" name="FillForm" time="62.128"/>
  <testcase classname="framework.AppiumFramework.eCommerce_tc_4_Hybrid" name="FillForm" time="65.648"/>
</testsuite> <!-- framework.AppiumFramework.eCommerce_tc_4_Hybrid -->
